<?xml version="1.0" encoding="UTF-8"?>
<!-- Generated by org.testng.reporters.JUnitXMLReporter -->
<testsuite hostname="SSHARAN-LT" ignored="0" name="TestIOS3" tests="4" failures="4" timestamp="09 Mar 2020 09:50:19 GMT" time="214.946" errors="0">
  <testcase name="@BeforeMethod setUp" time="0.0" classname="com.experitest.auto.AndroidFingerPrintPositiveTest">
    <failure type="org.openqa.selenium.WebDriverException" message="It is impossible to create a new session because &amp;apos;createSession&amp;apos; which takes HttpClient, InputStream and long was not found or it is not accessible
Build info: version: &amp;apos;3.12.0&amp;apos;, revision: &amp;apos;7c6e0b3&amp;apos;, time: &amp;apos;2018-05-08T14:04:26.12Z&amp;apos;
System info: host: &amp;apos;SSHARAN-LT&amp;apos;, ip: &amp;apos;192.168.1.26&amp;apos;, os.name: &amp;apos;Windows 10&amp;apos;, os.arch: &amp;apos;amd64&amp;apos;, os.version: &amp;apos;10.0&amp;apos;, java.version: &amp;apos;1.8.0_161&amp;apos;
Driver info: driver.version: AndroidDriver">
      <![CDATA[org.openqa.selenium.WebDriverException: It is impossible to create a new session because 'createSession' which takes HttpClient, InputStream and long was not found or it is not accessible
Build info: version: '3.12.0', revision: '7c6e0b3', time: '2018-05-08T14:04:26.12Z'
System info: host: 'SSHARAN-LT', ip: '192.168.1.26', os.name: 'Windows 10', os.arch: 'amd64', os.version: '10.0', java.version: '1.8.0_161'
Driver info: driver.version: AndroidDriver
	at io.appium.java_client.remote.AppiumCommandExecutor$1.createSession(AppiumCommandExecutor.java:195)
	at io.appium.java_client.remote.AppiumCommandExecutor.createSession(AppiumCommandExecutor.java:209)
	at io.appium.java_client.remote.AppiumCommandExecutor.execute(AppiumCommandExecutor.java:231)
	at org.openqa.selenium.remote.RemoteWebDriver.execute(RemoteWebDriver.java:543)
	at io.appium.java_client.DefaultGenericMobileDriver.execute(DefaultGenericMobileDriver.java:42)
	at io.appium.java_client.AppiumDriver.execute(AppiumDriver.java:1)
	at io.appium.java_client.android.AndroidDriver.execute(AndroidDriver.java:1)
	at org.openqa.selenium.remote.RemoteWebDriver.startSession(RemoteWebDriver.java:207)
	at org.openqa.selenium.remote.RemoteWebDriver.<init>(RemoteWebDriver.java:130)
	at io.appium.java_client.DefaultGenericMobileDriver.<init>(DefaultGenericMobileDriver.java:38)
	at io.appium.java_client.AppiumDriver.<init>(AppiumDriver.java:84)
	at io.appium.java_client.AppiumDriver.<init>(AppiumDriver.java:94)
	at io.appium.java_client.android.AndroidDriver.<init>(AndroidDriver.java:93)
	at com.experitest.auto.AndroidFingerPrintPositiveTest.setUp(AndroidFingerPrintPositiveTest.java:37)
	at java.util.concurrent.ThreadPoolExecutor.runWorker(ThreadPoolExecutor.java:1149)
	at java.util.concurrent.ThreadPoolExecutor$Worker.run(ThreadPoolExecutor.java:624)
	at java.lang.Thread.run(Thread.java:748)
	at io.appium.java_client.remote.AppiumCommandExecutor$1.createSession(AppiumCommandExecutor.java:185)
	... 28 more
Caused by: org.openqa.selenium.SessionNotCreatedException: Appium grid session was cancelled: CLOUD-SID:2020-03-09_11-46-49-dedc7584-78af-46bf-931c-a321af69676b (WARNING: The server did not provide any stacktrace information)
Command duration or timeout: 92.02 seconds
Build info: version: '3.12.0', revision: '7c6e0b3', time: '2018-05-08T14:04:26.12Z'
System info: host: 'SSHARAN-LT', ip: '192.168.1.26', os.name: 'Windows 10', os.arch: 'amd64', os.version: '10.0', java.version: '1.8.0_161'
Driver info: driver.version: AndroidDriver
	at org.openqa.selenium.remote.ErrorHandler.createThrowable(ErrorHandler.java:214)
	at org.openqa.selenium.remote.ErrorHandler.throwIfResponseFailed(ErrorHandler.java:166)
	at org.openqa.selenium.remote.JsonWireProtocolResponse.lambda$new$0(JsonWireProtocolResponse.java:53)
	at org.openqa.selenium.remote.JsonWireProtocolResponse.lambda$getResponseFunction$2(JsonWireProtocolResponse.java:91)
	at org.openqa.selenium.remote.ProtocolHandshake.lambda$createSession$0(ProtocolHandshake.java:123)
	at java.util.stream.ReferencePipeline$3$1.accept(ReferencePipeline.java:193)
	at java.util.Spliterators$ArraySpliterator.tryAdvance(Spliterators.java:958)
	at java.util.stream.ReferencePipeline.forEachWithCancel(ReferencePipeline.java:126)
	at java.util.stream.AbstractPipeline.copyIntoWithCancel(AbstractPipeline.java:498)
	at java.util.stream.AbstractPipeline.copyInto(AbstractPipeline.java:485)
	at java.util.stream.AbstractPipeline.wrapAndCopyInto(AbstractPipeline.java:471)
	at java.util.stream.FindOps$FindOp.evaluateSequential(FindOps.java:152)
	at java.util.stream.AbstractPipeline.evaluate(AbstractPipeline.java:234)
	at java.util.stream.ReferencePipeline.findFirst(ReferencePipeline.java:464)
	at org.openqa.selenium.remote.ProtocolHandshake.createSession(ProtocolHandshake.java:126)
	... 33 more
... Removed 21 stack frames]]>
    </failure>
  </testcase> <!-- @BeforeMethod setUp -->
  <testcase name="@AfterMethod tearDown" time="0.0" classname="com.experitest.auto.AndroidFingerPrintPositiveTest">
    <skipped/>
  </testcase> <!-- @AfterMethod tearDown -->
  <testcase name="test" time="10.553" classname="com.experitest.auto.IOSBillPayment">
    <failure type="org.openqa.selenium.NoSuchElementException" message="no such element (An element could not be located on the page using the given search parameters (XPATH=&amp;apos;//*[@text=&amp;apos;Access code&amp;apos;]&amp;apos;))  (WARNING: The server did not provide any stacktrace information)
Command duration or timeout: 0 milliseconds
For documentation on this error, please visit: http://seleniumhq.org/exceptions/no_such_element.html
Build info: version: &amp;apos;3.12.0&amp;apos;, revision: &amp;apos;7c6e0b3&amp;apos;, time: &amp;apos;2018-05-08T14:04:26.12Z&amp;apos;
System info: host: &amp;apos;SSHARAN-LT&amp;apos;, ip: &amp;apos;192.168.1.26&amp;apos;, os.name: &amp;apos;Windows 10&amp;apos;, os.arch: &amp;apos;amd64&amp;apos;, os.version: &amp;apos;10.0&amp;apos;, java.version: &amp;apos;1.8.0_161&amp;apos;
Driver info: io.appium.java_client.ios.IOSDriver
Capabilities {appBuildVersion: , appReleaseVersion: , appiumVersion: 1.8.0, autoAcceptAlerts: false, autoDismissAlerts: false, autoGrantPermissions: false, autoWebview: false, automationName: XCUITest, bundleId: com.ocbc.uatmobile, cloudViewLink: https://ocbc.experitest.com..., commandTimeouts: 120000, desired: {bundleId: com.ocbc.uatmobile, deviceQuery: @os=&amp;apos;ios&amp;apos;, platformName: iOS, reportDirectory: reports, reportFormat: xml, testName: iOSBillPayment	, udid: 727fbe8b93954e100e0dcd0752d...}, device.category: TABLET, device.majorVersion: 12, device.manufacture: Apple, device.model: iPad Pro (9.7-inch), device.name: iPad Pro OCBC-005, device.os: iOS, device.screenSize: 1536x2048, device.serialNumber: 44bf0d5f8814ad61ced7932c02a..., device.version: 12.3.1, deviceQuery: @os=&amp;apos;ios&amp;apos;, deviceUDID: 44bf0d5f8814ad61ced7932c02a..., dontGoHomeOnQuit: false, dontStopAppOnReset: false, ehmPrefixUrl: /agent-127, ehmUrl: https://ocbc.experitest.com..., fullReset: false, gridNodePort: 7840, install.only.for.update: false, instrumentApp: false, javascriptEnabled: true, keystorePath: ~/.android/debug.keystore, locationServicesAuthorized: false, newSessionWaitTimeout: 600.0, noReset: false, platform: IOS, platformName: iOS, projectName: , reportDirectory: reports, reportFormat: xml, reportUrl: https://ocbc.experitest.com..., reservationDuration: 240.0, takeScreenshots: true, test.type: Mobile, testName: iOSBillPayment	, udid: 44bf0d5f8814ad61ced7932c02a..., useKeystore: false, waitForDeviceTimeout: 120000.0}
Session ID: CLOUD-SID:2020-03-09_11-46-49-0b85c890-d076-4f5d-bedf-1297e835ddbc
*** Element info: {Using=xpath, value=//*[@text=&amp;apos;Access code&amp;apos;]}">
      <![CDATA[org.openqa.selenium.NoSuchElementException: no such element (An element could not be located on the page using the given search parameters (XPATH='//*[@text='Access code']'))  (WARNING: The server did not provide any stacktrace information)
Command duration or timeout: 0 milliseconds
For documentation on this error, please visit: http://seleniumhq.org/exceptions/no_such_element.html
Build info: version: '3.12.0', revision: '7c6e0b3', time: '2018-05-08T14:04:26.12Z'
System info: host: 'SSHARAN-LT', ip: '192.168.1.26', os.name: 'Windows 10', os.arch: 'amd64', os.version: '10.0', java.version: '1.8.0_161'
Driver info: io.appium.java_client.ios.IOSDriver
Capabilities {appBuildVersion: , appReleaseVersion: , appiumVersion: 1.8.0, autoAcceptAlerts: false, autoDismissAlerts: false, autoGrantPermissions: false, autoWebview: false, automationName: XCUITest, bundleId: com.ocbc.uatmobile, cloudViewLink: https://ocbc.experitest.com..., commandTimeouts: 120000, desired: {bundleId: com.ocbc.uatmobile, deviceQuery: @os='ios', platformName: iOS, reportDirectory: reports, reportFormat: xml, testName: iOSBillPayment	, udid: 727fbe8b93954e100e0dcd0752d...}, device.category: TABLET, device.majorVersion: 12, device.manufacture: Apple, device.model: iPad Pro (9.7-inch), device.name: iPad Pro OCBC-005, device.os: iOS, device.screenSize: 1536x2048, device.serialNumber: 44bf0d5f8814ad61ced7932c02a..., device.version: 12.3.1, deviceQuery: @os='ios', deviceUDID: 44bf0d5f8814ad61ced7932c02a..., dontGoHomeOnQuit: false, dontStopAppOnReset: false, ehmPrefixUrl: /agent-127, ehmUrl: https://ocbc.experitest.com..., fullReset: false, gridNodePort: 7840, install.only.for.update: false, instrumentApp: false, javascriptEnabled: true, keystorePath: ~/.android/debug.keystore, locationServicesAuthorized: false, newSessionWaitTimeout: 600.0, noReset: false, platform: IOS, platformName: iOS, projectName: , reportDirectory: reports, reportFormat: xml, reportUrl: https://ocbc.experitest.com..., reservationDuration: 240.0, takeScreenshots: true, test.type: Mobile, testName: iOSBillPayment	, udid: 44bf0d5f8814ad61ced7932c02a..., useKeystore: false, waitForDeviceTimeout: 120000.0}
Session ID: CLOUD-SID:2020-03-09_11-46-49-0b85c890-d076-4f5d-bedf-1297e835ddbc
*** Element info: {Using=xpath, value=//*[@text='Access code']}
	at org.openqa.selenium.remote.ErrorHandler.createThrowable(ErrorHandler.java:214)
	at org.openqa.selenium.remote.ErrorHandler.throwIfResponseFailed(ErrorHandler.java:166)
	at org.openqa.selenium.remote.http.JsonHttpResponseCodec.reconstructValue(JsonHttpResponseCodec.java:40)
	at org.openqa.selenium.remote.http.AbstractHttpResponseCodec.decode(AbstractHttpResponseCodec.java:80)
	at org.openqa.selenium.remote.http.AbstractHttpResponseCodec.decode(AbstractHttpResponseCodec.java:44)
	at org.openqa.selenium.remote.HttpCommandExecutor.execute(HttpCommandExecutor.java:158)
	at io.appium.java_client.remote.AppiumCommandExecutor.execute(AppiumCommandExecutor.java:231)
	at org.openqa.selenium.remote.RemoteWebDriver.execute(RemoteWebDriver.java:543)
	at io.appium.java_client.DefaultGenericMobileDriver.execute(DefaultGenericMobileDriver.java:42)
	at io.appium.java_client.AppiumDriver.execute(AppiumDriver.java:1)
	at io.appium.java_client.ios.IOSDriver.execute(IOSDriver.java:1)
	at org.openqa.selenium.remote.RemoteWebDriver.findElement(RemoteWebDriver.java:317)
	at io.appium.java_client.DefaultGenericMobileDriver.findElement(DefaultGenericMobileDriver.java:62)
	at io.appium.java_client.AppiumDriver.findElement(AppiumDriver.java:1)
	at io.appium.java_client.ios.IOSDriver.findElement(IOSDriver.java:1)
	at org.openqa.selenium.remote.RemoteWebDriver.findElementByXPath(RemoteWebDriver.java:419)
	at io.appium.java_client.DefaultGenericMobileDriver.findElementByXPath(DefaultGenericMobileDriver.java:152)
	at io.appium.java_client.AppiumDriver.findElementByXPath(AppiumDriver.java:1)
	at io.appium.java_client.ios.IOSDriver.findElementByXPath(IOSDriver.java:1)
	at org.openqa.selenium.By$ByXPath.findElement(By.java:353)
	at org.openqa.selenium.remote.RemoteWebDriver.findElement(RemoteWebDriver.java:309)
	at io.appium.java_client.DefaultGenericMobileDriver.findElement(DefaultGenericMobileDriver.java:58)
	at io.appium.java_client.AppiumDriver.findElement(AppiumDriver.java:1)
	at io.appium.java_client.ios.IOSDriver.findElement(IOSDriver.java:1)
	at com.experitest.auto.IOSBillPayment.test(IOSBillPayment.java:63)
	at java.util.concurrent.ThreadPoolExecutor.runWorker(ThreadPoolExecutor.java:1149)
	at java.util.concurrent.ThreadPoolExecutor$Worker.run(ThreadPoolExecutor.java:624)
	at java.lang.Thread.run(Thread.java:748)
... Removed 14 stack frames]]>
    </failure>
  </testcase> <!-- test -->
  <testcase name="test" time="48.234" classname="com.experitest.auto.IOSFAceTouchIDTest">
    <failure type="org.openqa.selenium.JavascriptException" message="javascript error (javascript error. An unknown server-side error occurred. status=&amp;apos;false&amp;apos;. Failed to complete internal method: &amp;apos;setAuthenticationReply args: [Success, 0]&amp;apos;, details: Failed to set authentication reply. Failed to set authentication request reply. Could not connect to an application on the device)  (WARNING: The server did not provide any stacktrace information)
Command duration or timeout: 0 milliseconds
Build info: version: &amp;apos;3.12.0&amp;apos;, revision: &amp;apos;7c6e0b3&amp;apos;, time: &amp;apos;2018-05-08T14:04:26.12Z&amp;apos;
System info: host: &amp;apos;SSHARAN-LT&amp;apos;, ip: &amp;apos;192.168.1.26&amp;apos;, os.name: &amp;apos;Windows 10&amp;apos;, os.arch: &amp;apos;amd64&amp;apos;, os.version: &amp;apos;10.0&amp;apos;, java.version: &amp;apos;1.8.0_161&amp;apos;
Driver info: io.appium.java_client.ios.IOSDriver
Capabilities {appBuildVersion: , appReleaseVersion: , appiumVersion: 1.8.0, autoAcceptAlerts: false, autoDismissAlerts: false, autoGrantPermissions: false, autoWebview: false, automationName: XCUITest, bundleId: com.experitest.ExperiBank, cloudViewLink: https://ocbc.experitest.com..., commandTimeouts: 120000, desired: {bundleId: com.experitest.ExperiBank, deviceQuery: @os=&amp;apos;ios&amp;apos;, instrumentApp: true, platformName: iOS, reportDirectory: reports, reportFormat: xml, testName: OCBCIosFaceTouchIDTest}, device.category: PHONE, device.majorVersion: 11, device.manufacture: Apple, device.model: iPhone X, device.name: IPhone X OCBC-007, device.os: iOS, device.screenSize: 1125x2436, device.serialNumber: 727fbe8b93954e100e0dcd0752d..., device.version: 11.1, deviceQuery: @os=&amp;apos;ios&amp;apos;, deviceUDID: 727fbe8b93954e100e0dcd0752d..., dontGoHomeOnQuit: false, dontStopAppOnReset: false, ehmPrefixUrl: /agent-127, ehmUrl: https://ocbc.experitest.com..., fullReset: false, gridNodePort: 7836, install.only.for.update: false, instrumentApp: true, javascriptEnabled: true, keystorePath: ~/.android/debug.keystore, locationServicesAuthorized: false, newSessionWaitTimeout: 600.0, noReset: false, platform: IOS, platformName: iOS, projectName: , reportDirectory: reports, reportFormat: xml, reportUrl: https://ocbc.experitest.com..., reservationDuration: 240.0, takeScreenshots: true, test.type: Mobile, testName: OCBCIosFaceTouchIDTest, udid: 727fbe8b93954e100e0dcd0752d..., useKeystore: false, waitForDeviceTimeout: 120000.0}
Session ID: CLOUD-SID:2020-03-09_11-46-49-063f050f-74eb-4309-a18b-cb1b59312d71">
      <![CDATA[org.openqa.selenium.JavascriptException: javascript error (javascript error. An unknown server-side error occurred. status='false'. Failed to complete internal method: 'setAuthenticationReply args: [Success, 0]', details: Failed to set authentication reply. Failed to set authentication request reply. Could not connect to an application on the device)  (WARNING: The server did not provide any stacktrace information)
Command duration or timeout: 0 milliseconds
Build info: version: '3.12.0', revision: '7c6e0b3', time: '2018-05-08T14:04:26.12Z'
System info: host: 'SSHARAN-LT', ip: '192.168.1.26', os.name: 'Windows 10', os.arch: 'amd64', os.version: '10.0', java.version: '1.8.0_161'
Driver info: io.appium.java_client.ios.IOSDriver
Capabilities {appBuildVersion: , appReleaseVersion: , appiumVersion: 1.8.0, autoAcceptAlerts: false, autoDismissAlerts: false, autoGrantPermissions: false, autoWebview: false, automationName: XCUITest, bundleId: com.experitest.ExperiBank, cloudViewLink: https://ocbc.experitest.com..., commandTimeouts: 120000, desired: {bundleId: com.experitest.ExperiBank, deviceQuery: @os='ios', instrumentApp: true, platformName: iOS, reportDirectory: reports, reportFormat: xml, testName: OCBCIosFaceTouchIDTest}, device.category: PHONE, device.majorVersion: 11, device.manufacture: Apple, device.model: iPhone X, device.name: IPhone X OCBC-007, device.os: iOS, device.screenSize: 1125x2436, device.serialNumber: 727fbe8b93954e100e0dcd0752d..., device.version: 11.1, deviceQuery: @os='ios', deviceUDID: 727fbe8b93954e100e0dcd0752d..., dontGoHomeOnQuit: false, dontStopAppOnReset: false, ehmPrefixUrl: /agent-127, ehmUrl: https://ocbc.experitest.com..., fullReset: false, gridNodePort: 7836, install.only.for.update: false, instrumentApp: true, javascriptEnabled: true, keystorePath: ~/.android/debug.keystore, locationServicesAuthorized: false, newSessionWaitTimeout: 600.0, noReset: false, platform: IOS, platformName: iOS, projectName: , reportDirectory: reports, reportFormat: xml, reportUrl: https://ocbc.experitest.com..., reservationDuration: 240.0, takeScreenshots: true, test.type: Mobile, testName: OCBCIosFaceTouchIDTest, udid: 727fbe8b93954e100e0dcd0752d..., useKeystore: false, waitForDeviceTimeout: 120000.0}
Session ID: CLOUD-SID:2020-03-09_11-46-49-063f050f-74eb-4309-a18b-cb1b59312d71
	at org.openqa.selenium.remote.ErrorHandler.createThrowable(ErrorHandler.java:214)
	at org.openqa.selenium.remote.ErrorHandler.throwIfResponseFailed(ErrorHandler.java:166)
	at org.openqa.selenium.remote.http.JsonHttpResponseCodec.reconstructValue(JsonHttpResponseCodec.java:40)
	at org.openqa.selenium.remote.http.AbstractHttpResponseCodec.decode(AbstractHttpResponseCodec.java:80)
	at org.openqa.selenium.remote.http.AbstractHttpResponseCodec.decode(AbstractHttpResponseCodec.java:44)
	at org.openqa.selenium.remote.HttpCommandExecutor.execute(HttpCommandExecutor.java:158)
	at io.appium.java_client.remote.AppiumCommandExecutor.execute(AppiumCommandExecutor.java:231)
	at org.openqa.selenium.remote.RemoteWebDriver.execute(RemoteWebDriver.java:543)
	at io.appium.java_client.DefaultGenericMobileDriver.execute(DefaultGenericMobileDriver.java:42)
	at io.appium.java_client.AppiumDriver.execute(AppiumDriver.java:1)
	at io.appium.java_client.ios.IOSDriver.execute(IOSDriver.java:1)
	at org.openqa.selenium.remote.RemoteWebDriver.executeScript(RemoteWebDriver.java:480)
	at com.experitest.appium.SeeTestClient.execute(SeeTestClient.java:51)
	at com.experitest.appium.SeeTestClient.execute(SeeTestClient.java:47)
	at com.experitest.appium.SeeTestClient.setAuthenticationReply(SeeTestClient.java:1841)
	at com.experitest.auto.IOSFAceTouchIDTest.test(IOSFAceTouchIDTest.java:52)
	at java.util.concurrent.ThreadPoolExecutor.runWorker(ThreadPoolExecutor.java:1149)
	at java.util.concurrent.ThreadPoolExecutor$Worker.run(ThreadPoolExecutor.java:624)
	at java.lang.Thread.run(Thread.java:748)
... Removed 14 stack frames]]>
    </failure>
  </testcase> <!-- test -->
  <testcase name="test" time="55.481" classname="com.experitest.auto.IosPDFReader">
    <failure type="org.openqa.selenium.TimeoutException" message="Expected condition failed: waiting for presence of element located by: By.xpath: //*[@text=&amp;apos;Submit&amp;apos;] (tried for 30 second(s) with 500 milliseconds interval)">
      <![CDATA[org.openqa.selenium.TimeoutException: Expected condition failed: waiting for presence of element located by: By.xpath: //*[@text='Submit'] (tried for 30 second(s) with 500 milliseconds interval)
	at org.openqa.selenium.support.ui.WebDriverWait.timeoutException(WebDriverWait.java:81)
	at org.openqa.selenium.support.ui.FluentWait.until(FluentWait.java:271)
	at com.experitest.auto.IosPDFReader.test(IosPDFReader.java:78)
	at java.util.concurrent.ThreadPoolExecutor.runWorker(ThreadPoolExecutor.java:1149)
	at java.util.concurrent.ThreadPoolExecutor$Worker.run(ThreadPoolExecutor.java:624)
	at java.lang.Thread.run(Thread.java:748)
Caused by: org.openqa.selenium.NoSuchElementException: Cannot locate an element using By.xpath: //*[@text='Submit']
For documentation on this error, please visit: http://seleniumhq.org/exceptions/no_such_element.html
Build info: version: '3.12.0', revision: '7c6e0b3', time: '2018-05-08T14:04:26.12Z'
System info: host: 'SSHARAN-LT', ip: '192.168.1.26', os.name: 'Windows 10', os.arch: 'amd64', os.version: '10.0', java.version: '1.8.0_161'
Driver info: driver.version: unknown
	at org.openqa.selenium.support.ui.ExpectedConditions.lambda$findElement$0(ExpectedConditions.java:896)
	at java.util.Optional.orElseThrow(Optional.java:290)
	at org.openqa.selenium.support.ui.ExpectedConditions.findElement(ExpectedConditions.java:895)
	at org.openqa.selenium.support.ui.ExpectedConditions.access$000(ExpectedConditions.java:44)
	at org.openqa.selenium.support.ui.ExpectedConditions$6.apply(ExpectedConditions.java:183)
	at org.openqa.selenium.support.ui.ExpectedConditions$6.apply(ExpectedConditions.java:180)
	at org.openqa.selenium.support.ui.FluentWait.until(FluentWait.java:248)
	... 14 more
... Removed 10 stack frames]]>
    </failure>
  </testcase> <!-- test -->
  <testcase name="test" time="163.453" classname="com.experitest.auto.IOSBillPaymentErrorTest">
    <failure type="org.openqa.selenium.TimeoutException" message="Expected condition failed: waiting for presence of element located by: By.xpath: //*[@text=&amp;apos;Transaction history&amp;apos;] (tried for 30 second(s) with 500 milliseconds interval)">
      <![CDATA[org.openqa.selenium.TimeoutException: Expected condition failed: waiting for presence of element located by: By.xpath: //*[@text='Transaction history'] (tried for 30 second(s) with 500 milliseconds interval)
	at org.openqa.selenium.support.ui.WebDriverWait.timeoutException(WebDriverWait.java:81)
	at org.openqa.selenium.support.ui.FluentWait.until(FluentWait.java:271)
	at com.experitest.auto.IOSBillPaymentErrorTest.test(IOSBillPaymentErrorTest.java:142)
	at java.util.concurrent.ThreadPoolExecutor.runWorker(ThreadPoolExecutor.java:1149)
	at java.util.concurrent.ThreadPoolExecutor$Worker.run(ThreadPoolExecutor.java:624)
	at java.lang.Thread.run(Thread.java:748)
Caused by: org.openqa.selenium.NoSuchElementException: Cannot locate an element using By.xpath: //*[@text='Transaction history']
For documentation on this error, please visit: http://seleniumhq.org/exceptions/no_such_element.html
Build info: version: '3.12.0', revision: '7c6e0b3', time: '2018-05-08T14:04:26.12Z'
System info: host: 'SSHARAN-LT', ip: '192.168.1.26', os.name: 'Windows 10', os.arch: 'amd64', os.version: '10.0', java.version: '1.8.0_161'
Driver info: driver.version: unknown
	at org.openqa.selenium.support.ui.ExpectedConditions.lambda$findElement$0(ExpectedConditions.java:896)
	at java.util.Optional.orElseThrow(Optional.java:290)
	at org.openqa.selenium.support.ui.ExpectedConditions.findElement(ExpectedConditions.java:895)
	at org.openqa.selenium.support.ui.ExpectedConditions.access$000(ExpectedConditions.java:44)
	at org.openqa.selenium.support.ui.ExpectedConditions$6.apply(ExpectedConditions.java:183)
	at org.openqa.selenium.support.ui.ExpectedConditions$6.apply(ExpectedConditions.java:180)
	at org.openqa.selenium.support.ui.FluentWait.until(FluentWait.java:248)
	... 14 more
... Removed 10 stack frames]]>
    </failure>
  </testcase> <!-- test -->
</testsuite> <!-- TestIOS3 -->
