<?xml version="1.0" encoding="UTF-8"?>
<!-- Generated by org.testng.reporters.JUnitReportReporter -->
<testsuite name="com.experitest.auto.AndroidBillPaymentErrorTest" tests="1" time="428.665" ignored="0" failures="0" timestamp="09 Mar 2020 09:53:54 GMT" skipped="0" hostname="SSHARAN-LT" errors="1">
  <testcase name="test" time="428.665" classname="com.experitest.auto.AndroidBillPaymentErrorTest">
    <error type="org.openqa.selenium.WebDriverException" message="unknown error (An unknown server-side error occurred. status=&#039;false&#039;. Failed to complete internal method: &#039;elementSendText args: [NATIVE, xpath=(//*[@id=&#039;pinInput&#039;])[1], 0, 123456]&#039;, details: Failed to send text to &#039;xpath=(//*[@id=&#039;pinInput&#039;])[1]&#039;. )  (WARNING: The server did not provide any stacktrace information)
Command duration or timeout: 0 milliseconds
Build info: version: &#039;3.12.0&#039;, revision: &#039;7c6e0b3&#039;, time: &#039;2018-05-08T14:04:26.12Z&#039;
System info: host: &#039;SSHARAN-LT&#039;, ip: &#039;192.168.1.26&#039;, os.name: &#039;Windows 10&#039;, os.arch: &#039;amd64&#039;, os.version: &#039;10.0&#039;, java.version: &#039;1.8.0_161&#039;
Driver info: io.appium.java_client.android.AndroidDriver
Capabilities {appActivity: com.ocbc.mib.activities.Act..., appBuildVersion: , appPackage: com.ocbc.mobile.uat, appReleaseVersion: , appiumVersion: 1.8.0, autoAcceptAlerts: false, autoDismissAlerts: false, autoGrantPermissions: false, autoWebview: false, cloudViewLink: https://ocbc.experitest.com..., commandTimeouts: 120000, desired: {appActivity: com.ocbc.mib.activities.Act..., appPackage: com.ocbc.mobile.uat, deviceQuery: @os=&#039;android&#039;, platformName: Android, reportDirectory: reports, reportFormat: xml, testName: AndroidBillPaymentTestError, udid: 4200d659f296c45f}, device.category: PHONE, device.majorVersion: 10, device.manufacture: samsung, device.model: SM-G973U1, device.name: Samsung S10 OCBC-009, device.os: Android, device.screenSize: 1080x2280, device.serialNumber: RF8MA2L8B3P, device.version: 10, deviceQuery: @os=&#039;android&#039;, deviceUDID: RF8MA2L8B3P, dontGoHomeOnQuit: false, dontStopAppOnReset: false, ehmPrefixUrl: /agent-127, ehmUrl: https://ocbc.experitest.com..., fullReset: false, gridNodePort: 7841, install.only.for.update: false, instrumentApp: false, javascriptEnabled: true, keystorePath: ~/.android/debug.keystore, locationServicesAuthorized: false, newSessionWaitTimeout: 600.0, noReset: false, platform: ANDROID, platformName: Android, projectName: , reportDirectory: reports, reportFormat: xml, reportUrl: https://ocbc.experitest.com..., reservationDuration: 240.0, takeScreenshots: true, test.type: Mobile, testName: AndroidBillPaymentTestError, udid: RF8MA2L8B3P, useKeystore: false, waitForDeviceTimeout: 120000.0}
Session ID: CLOUD-SID:2020-03-09_11-46-49-04f531b7-3e19-4c2b-8dc6-4461deb1c845">
      <![CDATA[org.openqa.selenium.WebDriverException: unknown error (An unknown server-side error occurred. status='false'. Failed to complete internal method: 'elementSendText args: [NATIVE, xpath=(//*[@id='pinInput'])[1], 0, 123456]', details: Failed to send text to 'xpath=(//*[@id='pinInput'])[1]'. )  (WARNING: The server did not provide any stacktrace information)
Command duration or timeout: 0 milliseconds
Build info: version: '3.12.0', revision: '7c6e0b3', time: '2018-05-08T14:04:26.12Z'
System info: host: 'SSHARAN-LT', ip: '192.168.1.26', os.name: 'Windows 10', os.arch: 'amd64', os.version: '10.0', java.version: '1.8.0_161'
Driver info: io.appium.java_client.android.AndroidDriver
Capabilities {appActivity: com.ocbc.mib.activities.Act..., appBuildVersion: , appPackage: com.ocbc.mobile.uat, appReleaseVersion: , appiumVersion: 1.8.0, autoAcceptAlerts: false, autoDismissAlerts: false, autoGrantPermissions: false, autoWebview: false, cloudViewLink: https://ocbc.experitest.com..., commandTimeouts: 120000, desired: {appActivity: com.ocbc.mib.activities.Act..., appPackage: com.ocbc.mobile.uat, deviceQuery: @os='android', platformName: Android, reportDirectory: reports, reportFormat: xml, testName: AndroidBillPaymentTestError, udid: 4200d659f296c45f}, device.category: PHONE, device.majorVersion: 10, device.manufacture: samsung, device.model: SM-G973U1, device.name: Samsung S10 OCBC-009, device.os: Android, device.screenSize: 1080x2280, device.serialNumber: RF8MA2L8B3P, device.version: 10, deviceQuery: @os='android', deviceUDID: RF8MA2L8B3P, dontGoHomeOnQuit: false, dontStopAppOnReset: false, ehmPrefixUrl: /agent-127, ehmUrl: https://ocbc.experitest.com..., fullReset: false, gridNodePort: 7841, install.only.for.update: false, instrumentApp: false, javascriptEnabled: true, keystorePath: ~/.android/debug.keystore, locationServicesAuthorized: false, newSessionWaitTimeout: 600.0, noReset: false, platform: ANDROID, platformName: Android, projectName: , reportDirectory: reports, reportFormat: xml, reportUrl: https://ocbc.experitest.com..., reservationDuration: 240.0, takeScreenshots: true, test.type: Mobile, testName: AndroidBillPaymentTestError, udid: RF8MA2L8B3P, useKeystore: false, waitForDeviceTimeout: 120000.0}
Session ID: CLOUD-SID:2020-03-09_11-46-49-04f531b7-3e19-4c2b-8dc6-4461deb1c845
	at sun.reflect.NativeConstructorAccessorImpl.newInstance0(Native Method)
	at sun.reflect.NativeConstructorAccessorImpl.newInstance(NativeConstructorAccessorImpl.java:62)
	at sun.reflect.DelegatingConstructorAccessorImpl.newInstance(DelegatingConstructorAccessorImpl.java:45)
	at java.lang.reflect.Constructor.newInstance(Constructor.java:423)
	at org.openqa.selenium.remote.ErrorHandler.createThrowable(ErrorHandler.java:214)
	at org.openqa.selenium.remote.ErrorHandler.throwIfResponseFailed(ErrorHandler.java:166)
	at org.openqa.selenium.remote.http.JsonHttpResponseCodec.reconstructValue(JsonHttpResponseCodec.java:40)
	at org.openqa.selenium.remote.http.AbstractHttpResponseCodec.decode(AbstractHttpResponseCodec.java:80)
	at org.openqa.selenium.remote.http.AbstractHttpResponseCodec.decode(AbstractHttpResponseCodec.java:44)
	at org.openqa.selenium.remote.HttpCommandExecutor.execute(HttpCommandExecutor.java:158)
	at io.appium.java_client.remote.AppiumCommandExecutor.execute(AppiumCommandExecutor.java:231)
	at org.openqa.selenium.remote.RemoteWebDriver.execute(RemoteWebDriver.java:543)
	at io.appium.java_client.DefaultGenericMobileDriver.execute(DefaultGenericMobileDriver.java:42)
	at io.appium.java_client.AppiumDriver.execute(AppiumDriver.java:1)
	at io.appium.java_client.android.AndroidDriver.execute(AndroidDriver.java:1)
	at org.openqa.selenium.remote.RemoteWebElement.execute(RemoteWebElement.java:276)
	at io.appium.java_client.DefaultGenericMobileElement.execute(DefaultGenericMobileElement.java:45)
	at io.appium.java_client.MobileElement.execute(MobileElement.java:1)
	at io.appium.java_client.android.AndroidElement.execute(AndroidElement.java:1)
	at org.openqa.selenium.remote.RemoteWebElement.sendKeys(RemoteWebElement.java:100)
	at com.experitest.auto.AndroidBillPaymentErrorTest.test(AndroidBillPaymentErrorTest.java:87)
	at sun.reflect.NativeMethodAccessorImpl.invoke0(Native Method)
	at sun.reflect.NativeMethodAccessorImpl.invoke(NativeMethodAccessorImpl.java:62)
	at sun.reflect.DelegatingMethodAccessorImpl.invoke(DelegatingMethodAccessorImpl.java:43)
	at java.lang.reflect.Method.invoke(Method.java:498)
	at org.testng.internal.MethodInvocationHelper.invokeMethod(MethodInvocationHelper.java:104)
	at org.testng.internal.Invoker.invokeMethod(Invoker.java:645)
	at org.testng.internal.Invoker.invokeTestMethod(Invoker.java:851)
	at org.testng.internal.Invoker.invokeTestMethods(Invoker.java:1177)
	at org.testng.internal.TestMethodWorker.invokeTestMethods(TestMethodWorker.java:129)
	at org.testng.internal.TestMethodWorker.run(TestMethodWorker.java:112)
	at java.util.concurrent.ThreadPoolExecutor.runWorker(ThreadPoolExecutor.java:1149)
	at java.util.concurrent.ThreadPoolExecutor$Worker.run(ThreadPoolExecutor.java:624)
	at java.lang.Thread.run(Thread.java:748)
]]>
    </error>
  </testcase> <!-- test -->
</testsuite> <!-- com.experitest.auto.AndroidBillPaymentErrorTest -->
